{"__type":"$$EventMessageAudit","id":"0ecf92d5-da85-4963-a3b9-a1910fa45118","ts":"2025-04-20T23:12:54.579+00:00","eventName":"n8n.audit.user.login.success","message":"n8n.audit.user.login.success","payload":{"userId":"f09a5ba0-4c12-4604-957a-f72b6910fc06","_email":"raymond.laurent@synelia.tech","_firstName":"Laurent","_lastName":"Raymond","globalRole":"global:owner","authenticationMethod":"email"}}
{"__type":"$$EventMessageConfirm","confirm":"0ecf92d5-da85-4963-a3b9-a1910fa45118","ts":"2025-04-20T23:12:54.580+00:00","source":{"id":"0","name":"eventBus"}}
{"__type":"$$EventMessageWorkflow","id":"cdd23cc4-2fea-4e66-abc2-414cf9fcf599","ts":"2025-04-21T08:00:00.097+00:00","eventName":"n8n.workflow.started","message":"n8n.workflow.started","payload":{"executionId":"99","workflowId":"SyRbhQVBvmC1D3Sh","isManual":false,"workflowName":"Rapport de sauvegarde OVH / ABJ"}}
{"__type":"$$EventMessageConfirm","confirm":"cdd23cc4-2fea-4e66-abc2-414cf9fcf599","ts":"2025-04-21T08:00:00.097+00:00","source":{"id":"0","name":"eventBus"}}
{"__type":"$$EventMessageNode","id":"cbe9569b-ead1-4e93-ba1a-99c30c75233f","ts":"2025-04-21T08:00:00.098+00:00","eventName":"n8n.node.started","message":"n8n.node.started","payload":{"workflowId":"SyRbhQVBvmC1D3Sh","workflowName":"Rapport de sauvegarde OVH / ABJ","executionId":"99","nodeType":"n8n-nodes-base.scheduleTrigger","nodeName":"Schedule Trigger"}}
{"__type":"$$EventMessageConfirm","confirm":"cbe9569b-ead1-4e93-ba1a-99c30c75233f","ts":"2025-04-21T08:00:00.099+00:00","source":{"id":"0","name":"eventBus"}}
{"__type":"$$EventMessageNode","id":"a22ddad0-17c1-43d0-88c3-606f3d4ccb1d","ts":"2025-04-21T08:00:00.101+00:00","eventName":"n8n.node.finished","message":"n8n.node.finished","payload":{"workflowId":"SyRbhQVBvmC1D3Sh","workflowName":"Rapport de sauvegarde OVH / ABJ","executionId":"99","nodeType":"n8n-nodes-base.scheduleTrigger","nodeName":"Schedule Trigger"}}
{"__type":"$$EventMessageConfirm","confirm":"a22ddad0-17c1-43d0-88c3-606f3d4ccb1d","ts":"2025-04-21T08:00:00.101+00:00","source":{"id":"0","name":"eventBus"}}
{"__type":"$$EventMessageNode","id":"17f23315-e08d-4980-a838-2a2cf96a295e","ts":"2025-04-21T08:00:00.101+00:00","eventName":"n8n.node.started","message":"n8n.node.started","payload":{"workflowId":"SyRbhQVBvmC1D3Sh","workflowName":"Rapport de sauvegarde OVH / ABJ","executionId":"99","nodeType":"n8n-nodes-base.ssh","nodeName":"Bacula ABJ"}}
{"__type":"$$EventMessageConfirm","confirm":"17f23315-e08d-4980-a838-2a2cf96a295e","ts":"2025-04-21T08:00:00.101+00:00","source":{"id":"0","name":"eventBus"}}
{"__type":"$$EventMessageNode","id":"7fec212b-eca2-4f13-926c-11f97570beb4","ts":"2025-04-21T08:00:03.454+00:00","eventName":"n8n.node.finished","message":"n8n.node.finished","payload":{"workflowId":"SyRbhQVBvmC1D3Sh","workflowName":"Rapport de sauvegarde OVH / ABJ","executionId":"99","nodeType":"n8n-nodes-base.ssh","nodeName":"Bacula ABJ"}}
{"__type":"$$EventMessageConfirm","confirm":"7fec212b-eca2-4f13-926c-11f97570beb4","ts":"2025-04-21T08:00:03.454+00:00","source":{"id":"0","name":"eventBus"}}
{"__type":"$$EventMessageNode","id":"aa8e9f1f-a580-4415-a4b2-41269cd5d445","ts":"2025-04-21T08:00:03.454+00:00","eventName":"n8n.node.started","message":"n8n.node.started","payload":{"workflowId":"SyRbhQVBvmC1D3Sh","workflowName":"Rapport de sauvegarde OVH / ABJ","executionId":"99","nodeType":"n8n-nodes-base.ssh","nodeName":"Bacula OVH"}}
{"__type":"$$EventMessageConfirm","confirm":"aa8e9f1f-a580-4415-a4b2-41269cd5d445","ts":"2025-04-21T08:00:03.454+00:00","source":{"id":"0","name":"eventBus"}}
{"__type":"$$EventMessageNode","id":"83349a20-9a61-438b-bc4c-22304bc9d036","ts":"2025-04-21T08:00:04.554+00:00","eventName":"n8n.node.finished","message":"n8n.node.finished","payload":{"workflowId":"SyRbhQVBvmC1D3Sh","workflowName":"Rapport de sauvegarde OVH / ABJ","executionId":"99","nodeType":"n8n-nodes-base.ssh","nodeName":"Bacula OVH"}}
{"__type":"$$EventMessageConfirm","confirm":"83349a20-9a61-438b-bc4c-22304bc9d036","ts":"2025-04-21T08:00:04.554+00:00","source":{"id":"0","name":"eventBus"}}
{"__type":"$$EventMessageNode","id":"509cb252-dfdc-4173-8e30-3939a8accc24","ts":"2025-04-21T08:00:04.554+00:00","eventName":"n8n.node.started","message":"n8n.node.started","payload":{"workflowId":"SyRbhQVBvmC1D3Sh","workflowName":"Rapport de sauvegarde OVH / ABJ","executionId":"99","nodeType":"n8n-nodes-base.merge","nodeName":"Merge"}}
{"__type":"$$EventMessageConfirm","confirm":"509cb252-dfdc-4173-8e30-3939a8accc24","ts":"2025-04-21T08:00:04.554+00:00","source":{"id":"0","name":"eventBus"}}
{"__type":"$$EventMessageNode","id":"166ad209-b272-4386-83cb-e94fd8c49665","ts":"2025-04-21T08:00:04.647+00:00","eventName":"n8n.node.finished","message":"n8n.node.finished","payload":{"workflowId":"SyRbhQVBvmC1D3Sh","workflowName":"Rapport de sauvegarde OVH / ABJ","executionId":"99","nodeType":"n8n-nodes-base.merge","nodeName":"Merge"}}
{"__type":"$$EventMessageConfirm","confirm":"166ad209-b272-4386-83cb-e94fd8c49665","ts":"2025-04-21T08:00:04.648+00:00","source":{"id":"0","name":"eventBus"}}
{"__type":"$$EventMessageNode","id":"f07ceac4-436f-476e-80bc-0a316cb8ca9b","ts":"2025-04-21T08:00:04.648+00:00","eventName":"n8n.node.started","message":"n8n.node.started","payload":{"workflowId":"SyRbhQVBvmC1D3Sh","workflowName":"Rapport de sauvegarde OVH / ABJ","executionId":"99","nodeType":"n8n-nodes-base.code","nodeName":"Code"}}
{"__type":"$$EventMessageConfirm","confirm":"f07ceac4-436f-476e-80bc-0a316cb8ca9b","ts":"2025-04-21T08:00:04.648+00:00","source":{"id":"0","name":"eventBus"}}
{"__type":"$$EventMessageNode","id":"92d14e3b-e75d-43e1-8fd9-a67f08eb3373","ts":"2025-04-21T08:00:04.694+00:00","eventName":"n8n.node.finished","message":"n8n.node.finished","payload":{"workflowId":"SyRbhQVBvmC1D3Sh","workflowName":"Rapport de sauvegarde OVH / ABJ","executionId":"99","nodeType":"n8n-nodes-base.code","nodeName":"Code"}}
{"__type":"$$EventMessageConfirm","confirm":"92d14e3b-e75d-43e1-8fd9-a67f08eb3373","ts":"2025-04-21T08:00:04.694+00:00","source":{"id":"0","name":"eventBus"}}
{"__type":"$$EventMessageNode","id":"62bc28c8-2820-4d40-a560-35ece92bb36c","ts":"2025-04-21T08:00:04.695+00:00","eventName":"n8n.node.started","message":"n8n.node.started","payload":{"workflowId":"SyRbhQVBvmC1D3Sh","workflowName":"Rapport de sauvegarde OVH / ABJ","executionId":"99","nodeType":"n8n-nodes-base.code","nodeName":"recap"}}
{"__type":"$$EventMessageConfirm","confirm":"62bc28c8-2820-4d40-a560-35ece92bb36c","ts":"2025-04-21T08:00:04.695+00:00","source":{"id":"0","name":"eventBus"}}
{"__type":"$$EventMessageNode","id":"703270ba-2f59-44b1-82d0-b345da73112b","ts":"2025-04-21T08:00:04.710+00:00","eventName":"n8n.node.finished","message":"n8n.node.finished","payload":{"workflowId":"SyRbhQVBvmC1D3Sh","workflowName":"Rapport de sauvegarde OVH / ABJ","executionId":"99","nodeType":"n8n-nodes-base.code","nodeName":"recap"}}
{"__type":"$$EventMessageConfirm","confirm":"703270ba-2f59-44b1-82d0-b345da73112b","ts":"2025-04-21T08:00:04.711+00:00","source":{"id":"0","name":"eventBus"}}
{"__type":"$$EventMessageNode","id":"1c7e78b5-8800-4bdf-9730-deee13fafe12","ts":"2025-04-21T08:00:04.711+00:00","eventName":"n8n.node.started","message":"n8n.node.started","payload":{"workflowId":"SyRbhQVBvmC1D3Sh","workflowName":"Rapport de sauvegarde OVH / ABJ","executionId":"99","nodeType":"n8n-nodes-base.code","nodeName":"abjFailures"}}
{"__type":"$$EventMessageConfirm","confirm":"1c7e78b5-8800-4bdf-9730-deee13fafe12","ts":"2025-04-21T08:00:04.711+00:00","source":{"id":"0","name":"eventBus"}}
{"__type":"$$EventMessageNode","id":"47ffa2bd-9894-49e9-ba75-d2ce37b6e9e3","ts":"2025-04-21T08:00:04.730+00:00","eventName":"n8n.node.finished","message":"n8n.node.finished","payload":{"workflowId":"SyRbhQVBvmC1D3Sh","workflowName":"Rapport de sauvegarde OVH / ABJ","executionId":"99","nodeType":"n8n-nodes-base.code","nodeName":"abjFailures"}}
{"__type":"$$EventMessageConfirm","confirm":"47ffa2bd-9894-49e9-ba75-d2ce37b6e9e3","ts":"2025-04-21T08:00:04.730+00:00","source":{"id":"0","name":"eventBus"}}
{"__type":"$$EventMessageNode","id":"ae165f76-7665-4bda-85da-15886539043e","ts":"2025-04-21T08:00:04.731+00:00","eventName":"n8n.node.started","message":"n8n.node.started","payload":{"workflowId":"SyRbhQVBvmC1D3Sh","workflowName":"Rapport de sauvegarde OVH / ABJ","executionId":"99","nodeType":"n8n-nodes-base.code","nodeName":"ovhFailures"}}
{"__type":"$$EventMessageConfirm","confirm":"ae165f76-7665-4bda-85da-15886539043e","ts":"2025-04-21T08:00:04.731+00:00","source":{"id":"0","name":"eventBus"}}
{"__type":"$$EventMessageNode","id":"33120021-d450-43d3-9d62-1e598e3b59c8","ts":"2025-04-21T08:00:04.755+00:00","eventName":"n8n.node.finished","message":"n8n.node.finished","payload":{"workflowId":"SyRbhQVBvmC1D3Sh","workflowName":"Rapport de sauvegarde OVH / ABJ","executionId":"99","nodeType":"n8n-nodes-base.code","nodeName":"ovhFailures"}}
{"__type":"$$EventMessageConfirm","confirm":"33120021-d450-43d3-9d62-1e598e3b59c8","ts":"2025-04-21T08:00:04.755+00:00","source":{"id":"0","name":"eventBus"}}
{"__type":"$$EventMessageNode","id":"9156f074-4533-457b-ac6a-aaa322765f7a","ts":"2025-04-21T08:00:04.755+00:00","eventName":"n8n.node.started","message":"n8n.node.started","payload":{"workflowId":"SyRbhQVBvmC1D3Sh","workflowName":"Rapport de sauvegarde OVH / ABJ","executionId":"99","nodeType":"n8n-nodes-base.code","nodeName":"visualization"}}
{"__type":"$$EventMessageConfirm","confirm":"9156f074-4533-457b-ac6a-aaa322765f7a","ts":"2025-04-21T08:00:04.755+00:00","source":{"id":"0","name":"eventBus"}}
{"__type":"$$EventMessageNode","id":"51f5bef3-beb6-4109-9266-d387cd07c7d7","ts":"2025-04-21T08:00:04.774+00:00","eventName":"n8n.node.finished","message":"n8n.node.finished","payload":{"workflowId":"SyRbhQVBvmC1D3Sh","workflowName":"Rapport de sauvegarde OVH / ABJ","executionId":"99","nodeType":"n8n-nodes-base.code","nodeName":"visualization"}}
{"__type":"$$EventMessageConfirm","confirm":"51f5bef3-beb6-4109-9266-d387cd07c7d7","ts":"2025-04-21T08:00:04.775+00:00","source":{"id":"0","name":"eventBus"}}
{"__type":"$$EventMessageNode","id":"805b62b9-4884-40d2-b06c-b491ffd56ff1","ts":"2025-04-21T08:00:04.775+00:00","eventName":"n8n.node.started","message":"n8n.node.started","payload":{"workflowId":"SyRbhQVBvmC1D3Sh","workflowName":"Rapport de sauvegarde OVH / ABJ","executionId":"99","nodeType":"n8n-nodes-base.code","nodeName":"abjDetails"}}
{"__type":"$$EventMessageConfirm","confirm":"805b62b9-4884-40d2-b06c-b491ffd56ff1","ts":"2025-04-21T08:00:04.775+00:00","source":{"id":"0","name":"eventBus"}}
{"__type":"$$EventMessageNode","id":"e6c56db8-405a-4c34-95da-675b97a1b151","ts":"2025-04-21T08:00:04.813+00:00","eventName":"n8n.node.finished","message":"n8n.node.finished","payload":{"workflowId":"SyRbhQVBvmC1D3Sh","workflowName":"Rapport de sauvegarde OVH / ABJ","executionId":"99","nodeType":"n8n-nodes-base.code","nodeName":"abjDetails"}}
{"__type":"$$EventMessageConfirm","confirm":"e6c56db8-405a-4c34-95da-675b97a1b151","ts":"2025-04-21T08:00:04.813+00:00","source":{"id":"0","name":"eventBus"}}
{"__type":"$$EventMessageNode","id":"5c327f7b-3d72-4b71-bb93-9c3d25d0a7a1","ts":"2025-04-21T08:00:04.814+00:00","eventName":"n8n.node.started","message":"n8n.node.started","payload":{"workflowId":"SyRbhQVBvmC1D3Sh","workflowName":"Rapport de sauvegarde OVH / ABJ","executionId":"99","nodeType":"n8n-nodes-base.code","nodeName":"ovhDetails"}}
{"__type":"$$EventMessageConfirm","confirm":"5c327f7b-3d72-4b71-bb93-9c3d25d0a7a1","ts":"2025-04-21T08:00:04.815+00:00","source":{"id":"0","name":"eventBus"}}
{"__type":"$$EventMessageNode","id":"02bf1f32-585e-4801-9351-9ea0fc6b9a1c","ts":"2025-04-21T08:00:04.837+00:00","eventName":"n8n.node.finished","message":"n8n.node.finished","payload":{"workflowId":"SyRbhQVBvmC1D3Sh","workflowName":"Rapport de sauvegarde OVH / ABJ","executionId":"99","nodeType":"n8n-nodes-base.code","nodeName":"ovhDetails"}}
{"__type":"$$EventMessageConfirm","confirm":"02bf1f32-585e-4801-9351-9ea0fc6b9a1c","ts":"2025-04-21T08:00:04.837+00:00","source":{"id":"0","name":"eventBus"}}
{"__type":"$$EventMessageNode","id":"54997ddf-62e1-4cfb-80f4-dd88fe2faae9","ts":"2025-04-21T08:00:04.838+00:00","eventName":"n8n.node.started","message":"n8n.node.started","payload":{"workflowId":"SyRbhQVBvmC1D3Sh","workflowName":"Rapport de sauvegarde OVH / ABJ","executionId":"99","nodeType":"n8n-nodes-base.merge","nodeName":"Merge3"}}
{"__type":"$$EventMessageConfirm","confirm":"54997ddf-62e1-4cfb-80f4-dd88fe2faae9","ts":"2025-04-21T08:00:04.838+00:00","source":{"id":"0","name":"eventBus"}}
{"__type":"$$EventMessageNode","id":"cbbb56b2-0d92-4dc6-8067-f8502e148847","ts":"2025-04-21T08:00:04.839+00:00","eventName":"n8n.node.finished","message":"n8n.node.finished","payload":{"workflowId":"SyRbhQVBvmC1D3Sh","workflowName":"Rapport de sauvegarde OVH / ABJ","executionId":"99","nodeType":"n8n-nodes-base.merge","nodeName":"Merge3"}}
{"__type":"$$EventMessageConfirm","confirm":"cbbb56b2-0d92-4dc6-8067-f8502e148847","ts":"2025-04-21T08:00:04.840+00:00","source":{"id":"0","name":"eventBus"}}
{"__type":"$$EventMessageNode","id":"c55d617d-636b-4311-96bf-8524473dce00","ts":"2025-04-21T08:00:04.840+00:00","eventName":"n8n.node.started","message":"n8n.node.started","payload":{"workflowId":"SyRbhQVBvmC1D3Sh","workflowName":"Rapport de sauvegarde OVH / ABJ","executionId":"99","nodeType":"n8n-nodes-base.code","nodeName":"Make HTML Mail"}}
{"__type":"$$EventMessageConfirm","confirm":"c55d617d-636b-4311-96bf-8524473dce00","ts":"2025-04-21T08:00:04.840+00:00","source":{"id":"0","name":"eventBus"}}
{"__type":"$$EventMessageNode","id":"6108e59a-a4ff-4b69-a052-40ccbc65d8a2","ts":"2025-04-21T08:00:04.860+00:00","eventName":"n8n.node.finished","message":"n8n.node.finished","payload":{"workflowId":"SyRbhQVBvmC1D3Sh","workflowName":"Rapport de sauvegarde OVH / ABJ","executionId":"99","nodeType":"n8n-nodes-base.code","nodeName":"Make HTML Mail"}}
{"__type":"$$EventMessageConfirm","confirm":"6108e59a-a4ff-4b69-a052-40ccbc65d8a2","ts":"2025-04-21T08:00:04.860+00:00","source":{"id":"0","name":"eventBus"}}
{"__type":"$$EventMessageNode","id":"80bfeedd-8138-41c2-ab21-5191418ffd94","ts":"2025-04-21T08:00:04.860+00:00","eventName":"n8n.node.started","message":"n8n.node.started","payload":{"workflowId":"SyRbhQVBvmC1D3Sh","workflowName":"Rapport de sauvegarde OVH / ABJ","executionId":"99","nodeType":"n8n-nodes-base.emailSend","nodeName":"Send Email"}}
{"__type":"$$EventMessageConfirm","confirm":"80bfeedd-8138-41c2-ab21-5191418ffd94","ts":"2025-04-21T08:00:04.860+00:00","source":{"id":"0","name":"eventBus"}}
{"__type":"$$EventMessageNode","id":"ca3aa23d-093a-40f8-9b23-1ac8b05b6f62","ts":"2025-04-21T08:00:05.727+00:00","eventName":"n8n.node.finished","message":"n8n.node.finished","payload":{"workflowId":"SyRbhQVBvmC1D3Sh","workflowName":"Rapport de sauvegarde OVH / ABJ","executionId":"99","nodeType":"n8n-nodes-base.emailSend","nodeName":"Send Email"}}
{"__type":"$$EventMessageConfirm","confirm":"ca3aa23d-093a-40f8-9b23-1ac8b05b6f62","ts":"2025-04-21T08:00:05.727+00:00","source":{"id":"0","name":"eventBus"}}
{"__type":"$$EventMessageWorkflow","id":"7f439d59-76b8-4092-b39a-05a3e6005e58","ts":"2025-04-21T08:00:05.731+00:00","eventName":"n8n.workflow.success","message":"n8n.workflow.success","payload":{"executionId":"99","success":true,"isManual":false,"workflowId":"SyRbhQVBvmC1D3Sh","workflowName":"Rapport de sauvegarde OVH / ABJ"}}
{"__type":"$$EventMessageConfirm","confirm":"7f439d59-76b8-4092-b39a-05a3e6005e58","ts":"2025-04-21T08:00:05.731+00:00","source":{"id":"0","name":"eventBus"}}
