{"__type":"$$EventMessageAudit","id":"1129911f-2e44-46f9-834d-2b8585d7ca78","ts":"2025-04-21T12:16:31.076+00:00","eventName":"n8n.audit.user.login.success","message":"n8n.audit.user.login.success","payload":{"userId":"f09a5ba0-4c12-4604-957a-f72b6910fc06","_email":"raymond.laurent@synelia.tech","_firstName":"Laurent","_lastName":"Raymond","globalRole":"global:owner","authenticationMethod":"email"}}
{"__type":"$$EventMessageConfirm","confirm":"1129911f-2e44-46f9-834d-2b8585d7ca78","ts":"2025-04-21T12:16:31.076+00:00","source":{"id":"0","name":"eventBus"}}
{"__type":"$$EventMessageWorkflow","id":"d91d29da-11cd-4686-a288-7c007020fd9b","ts":"2025-04-21T18:30:00.118+00:00","eventName":"n8n.workflow.started","message":"n8n.workflow.started","payload":{"executionId":"100","workflowId":"fHNN2UuAuvV140JC","isManual":false,"workflowName":"Rapport support OVH / ABJ"}}
{"__type":"$$EventMessageConfirm","confirm":"d91d29da-11cd-4686-a288-7c007020fd9b","ts":"2025-04-21T18:30:00.118+00:00","source":{"id":"0","name":"eventBus"}}
{"__type":"$$EventMessageNode","id":"f2044727-f30e-4a2f-8658-6944431693ab","ts":"2025-04-21T18:30:00.119+00:00","eventName":"n8n.node.started","message":"n8n.node.started","payload":{"workflowId":"fHNN2UuAuvV140JC","workflowName":"Rapport support OVH / ABJ","executionId":"100","nodeType":"n8n-nodes-base.scheduleTrigger","nodeName":"Schedule Trigger"}}
{"__type":"$$EventMessageConfirm","confirm":"f2044727-f30e-4a2f-8658-6944431693ab","ts":"2025-04-21T18:30:00.119+00:00","source":{"id":"0","name":"eventBus"}}
{"__type":"$$EventMessageNode","id":"16d17a74-8b91-49a0-9b8a-d458a1bd89ce","ts":"2025-04-21T18:30:00.121+00:00","eventName":"n8n.node.finished","message":"n8n.node.finished","payload":{"workflowId":"fHNN2UuAuvV140JC","workflowName":"Rapport support OVH / ABJ","executionId":"100","nodeType":"n8n-nodes-base.scheduleTrigger","nodeName":"Schedule Trigger"}}
{"__type":"$$EventMessageConfirm","confirm":"16d17a74-8b91-49a0-9b8a-d458a1bd89ce","ts":"2025-04-21T18:30:00.121+00:00","source":{"id":"0","name":"eventBus"}}
{"__type":"$$EventMessageNode","id":"14f893f8-f1aa-4b60-ad43-10d0e8409345","ts":"2025-04-21T18:30:00.121+00:00","eventName":"n8n.node.started","message":"n8n.node.started","payload":{"workflowId":"fHNN2UuAuvV140JC","workflowName":"Rapport support OVH / ABJ","executionId":"100","nodeType":"n8n-nodes-base.httpRequest","nodeName":"HTTP host & services"}}
{"__type":"$$EventMessageConfirm","confirm":"14f893f8-f1aa-4b60-ad43-10d0e8409345","ts":"2025-04-21T18:30:00.121+00:00","source":{"id":"0","name":"eventBus"}}
{"__type":"$$EventMessageNode","id":"0b010cf1-2128-4f1a-8181-01eb8a3822bf","ts":"2025-04-21T18:30:00.694+00:00","eventName":"n8n.node.finished","message":"n8n.node.finished","payload":{"workflowId":"fHNN2UuAuvV140JC","workflowName":"Rapport support OVH / ABJ","executionId":"100","nodeType":"n8n-nodes-base.httpRequest","nodeName":"HTTP host & services"}}
{"__type":"$$EventMessageConfirm","confirm":"0b010cf1-2128-4f1a-8181-01eb8a3822bf","ts":"2025-04-21T18:30:00.694+00:00","source":{"id":"0","name":"eventBus"}}
{"__type":"$$EventMessageNode","id":"4058e6bb-1dd4-4f46-92f4-d6afe360dd62","ts":"2025-04-21T18:30:00.694+00:00","eventName":"n8n.node.started","message":"n8n.node.started","payload":{"workflowId":"fHNN2UuAuvV140JC","workflowName":"Rapport support OVH / ABJ","executionId":"100","nodeType":"n8n-nodes-base.code","nodeName":"centreon host & services"}}
{"__type":"$$EventMessageConfirm","confirm":"4058e6bb-1dd4-4f46-92f4-d6afe360dd62","ts":"2025-04-21T18:30:00.694+00:00","source":{"id":"0","name":"eventBus"}}
{"__type":"$$EventMessageNode","id":"b728d175-016d-4e8d-a654-93ea76b4fdc2","ts":"2025-04-21T18:30:00.731+00:00","eventName":"n8n.node.finished","message":"n8n.node.finished","payload":{"workflowId":"fHNN2UuAuvV140JC","workflowName":"Rapport support OVH / ABJ","executionId":"100","nodeType":"n8n-nodes-base.code","nodeName":"centreon host & services"}}
{"__type":"$$EventMessageConfirm","confirm":"b728d175-016d-4e8d-a654-93ea76b4fdc2","ts":"2025-04-21T18:30:00.731+00:00","source":{"id":"0","name":"eventBus"}}
{"__type":"$$EventMessageNode","id":"a14a3abc-3225-4635-a179-7fd3a867f3ec","ts":"2025-04-21T18:30:00.731+00:00","eventName":"n8n.node.started","message":"n8n.node.started","payload":{"workflowId":"fHNN2UuAuvV140JC","workflowName":"Rapport support OVH / ABJ","executionId":"100","nodeType":"n8n-nodes-base.httpRequest","nodeName":"HTTP capture centreon"}}
{"__type":"$$EventMessageConfirm","confirm":"a14a3abc-3225-4635-a179-7fd3a867f3ec","ts":"2025-04-21T18:30:00.731+00:00","source":{"id":"0","name":"eventBus"}}
{"__type":"$$EventMessageNode","id":"b0b01109-fd3e-4398-b3fd-be453f027ae3","ts":"2025-04-21T18:30:18.358+00:00","eventName":"n8n.node.finished","message":"n8n.node.finished","payload":{"workflowId":"fHNN2UuAuvV140JC","workflowName":"Rapport support OVH / ABJ","executionId":"100","nodeType":"n8n-nodes-base.httpRequest","nodeName":"HTTP capture centreon"}}
{"__type":"$$EventMessageConfirm","confirm":"b0b01109-fd3e-4398-b3fd-be453f027ae3","ts":"2025-04-21T18:30:18.359+00:00","source":{"id":"0","name":"eventBus"}}
{"__type":"$$EventMessageNode","id":"579fec48-8c93-4b5e-b397-ab8853848bb5","ts":"2025-04-21T18:30:18.359+00:00","eventName":"n8n.node.started","message":"n8n.node.started","payload":{"workflowId":"fHNN2UuAuvV140JC","workflowName":"Rapport support OVH / ABJ","executionId":"100","nodeType":"n8n-nodes-base.code","nodeName":"image to base64"}}
{"__type":"$$EventMessageConfirm","confirm":"579fec48-8c93-4b5e-b397-ab8853848bb5","ts":"2025-04-21T18:30:18.359+00:00","source":{"id":"0","name":"eventBus"}}
{"__type":"$$EventMessageNode","id":"e1a6373c-2e3d-4cd2-89e5-d1184764fb8a","ts":"2025-04-21T18:30:18.370+00:00","eventName":"n8n.node.finished","message":"n8n.node.finished","payload":{"workflowId":"fHNN2UuAuvV140JC","workflowName":"Rapport support OVH / ABJ","executionId":"100","nodeType":"n8n-nodes-base.code","nodeName":"image to base64"}}
{"__type":"$$EventMessageConfirm","confirm":"e1a6373c-2e3d-4cd2-89e5-d1184764fb8a","ts":"2025-04-21T18:30:18.370+00:00","source":{"id":"0","name":"eventBus"}}
{"__type":"$$EventMessageNode","id":"7666bc9f-2ff0-421a-9702-7f7311c6bc7c","ts":"2025-04-21T18:30:18.371+00:00","eventName":"n8n.node.started","message":"n8n.node.started","payload":{"workflowId":"fHNN2UuAuvV140JC","workflowName":"Rapport support OVH / ABJ","executionId":"100","nodeType":"n8n-nodes-base.code","nodeName":"capture centreon"}}
{"__type":"$$EventMessageConfirm","confirm":"7666bc9f-2ff0-421a-9702-7f7311c6bc7c","ts":"2025-04-21T18:30:18.371+00:00","source":{"id":"0","name":"eventBus"}}
{"__type":"$$EventMessageNode","id":"125cb02f-3ca2-4468-8bc7-3276ed12ed46","ts":"2025-04-21T18:30:18.377+00:00","eventName":"n8n.node.finished","message":"n8n.node.finished","payload":{"workflowId":"fHNN2UuAuvV140JC","workflowName":"Rapport support OVH / ABJ","executionId":"100","nodeType":"n8n-nodes-base.code","nodeName":"capture centreon"}}
{"__type":"$$EventMessageConfirm","confirm":"125cb02f-3ca2-4468-8bc7-3276ed12ed46","ts":"2025-04-21T18:30:18.377+00:00","source":{"id":"0","name":"eventBus"}}
{"__type":"$$EventMessageNode","id":"973f994f-0eda-46a3-a9f5-0c07338e0d52","ts":"2025-04-21T18:30:18.378+00:00","eventName":"n8n.node.started","message":"n8n.node.started","payload":{"workflowId":"fHNN2UuAuvV140JC","workflowName":"Rapport support OVH / ABJ","executionId":"100","nodeType":"n8n-nodes-base.merge","nodeName":"Merge2"}}
{"__type":"$$EventMessageConfirm","confirm":"973f994f-0eda-46a3-a9f5-0c07338e0d52","ts":"2025-04-21T18:30:18.378+00:00","source":{"id":"0","name":"eventBus"}}
{"__type":"$$EventMessageNode","id":"1e83d99b-12b3-4658-a845-bb5f4acb63a1","ts":"2025-04-21T18:30:18.419+00:00","eventName":"n8n.node.finished","message":"n8n.node.finished","payload":{"workflowId":"fHNN2UuAuvV140JC","workflowName":"Rapport support OVH / ABJ","executionId":"100","nodeType":"n8n-nodes-base.merge","nodeName":"Merge2"}}
{"__type":"$$EventMessageConfirm","confirm":"1e83d99b-12b3-4658-a845-bb5f4acb63a1","ts":"2025-04-21T18:30:18.419+00:00","source":{"id":"0","name":"eventBus"}}
{"__type":"$$EventMessageNode","id":"4c4fb74a-9646-4385-80d6-a4ee4bba2d8c","ts":"2025-04-21T18:30:18.419+00:00","eventName":"n8n.node.started","message":"n8n.node.started","payload":{"workflowId":"fHNN2UuAuvV140JC","workflowName":"Rapport support OVH / ABJ","executionId":"100","nodeType":"n8n-nodes-base.code","nodeName":"Centreon section"}}
{"__type":"$$EventMessageConfirm","confirm":"4c4fb74a-9646-4385-80d6-a4ee4bba2d8c","ts":"2025-04-21T18:30:18.419+00:00","source":{"id":"0","name":"eventBus"}}
{"__type":"$$EventMessageNode","id":"7316da6b-d455-4ad2-b272-821de490f2fe","ts":"2025-04-21T18:30:18.428+00:00","eventName":"n8n.node.finished","message":"n8n.node.finished","payload":{"workflowId":"fHNN2UuAuvV140JC","workflowName":"Rapport support OVH / ABJ","executionId":"100","nodeType":"n8n-nodes-base.code","nodeName":"Centreon section"}}
{"__type":"$$EventMessageConfirm","confirm":"7316da6b-d455-4ad2-b272-821de490f2fe","ts":"2025-04-21T18:30:18.428+00:00","source":{"id":"0","name":"eventBus"}}
{"__type":"$$EventMessageNode","id":"77eeffaf-084d-4c9b-aaef-5c81bb04b53f","ts":"2025-04-21T18:30:18.429+00:00","eventName":"n8n.node.started","message":"n8n.node.started","payload":{"workflowId":"fHNN2UuAuvV140JC","workflowName":"Rapport support OVH / ABJ","executionId":"100","nodeType":"n8n-nodes-base.httpRequest","nodeName":"HTTP open ticket"}}
{"__type":"$$EventMessageConfirm","confirm":"77eeffaf-084d-4c9b-aaef-5c81bb04b53f","ts":"2025-04-21T18:30:18.429+00:00","source":{"id":"0","name":"eventBus"}}
{"__type":"$$EventMessageNode","id":"0016d03d-4c04-4e66-b6a2-11955abebcfe","ts":"2025-04-21T18:30:18.619+00:00","eventName":"n8n.node.finished","message":"n8n.node.finished","payload":{"workflowId":"fHNN2UuAuvV140JC","workflowName":"Rapport support OVH / ABJ","executionId":"100","nodeType":"n8n-nodes-base.httpRequest","nodeName":"HTTP open ticket"}}
{"__type":"$$EventMessageConfirm","confirm":"0016d03d-4c04-4e66-b6a2-11955abebcfe","ts":"2025-04-21T18:30:18.619+00:00","source":{"id":"0","name":"eventBus"}}
{"__type":"$$EventMessageNode","id":"52c4eb04-e64e-4781-b405-a4a9761380ac","ts":"2025-04-21T18:30:18.619+00:00","eventName":"n8n.node.started","message":"n8n.node.started","payload":{"workflowId":"fHNN2UuAuvV140JC","workflowName":"Rapport support OVH / ABJ","executionId":"100","nodeType":"n8n-nodes-base.httpRequest","nodeName":"HTTP closed"}}
{"__type":"$$EventMessageConfirm","confirm":"52c4eb04-e64e-4781-b405-a4a9761380ac","ts":"2025-04-21T18:30:18.619+00:00","source":{"id":"0","name":"eventBus"}}
{"__type":"$$EventMessageNode","id":"be71fb04-a645-4aa3-a4e6-723c639ec0e9","ts":"2025-04-21T18:30:18.843+00:00","eventName":"n8n.node.finished","message":"n8n.node.finished","payload":{"workflowId":"fHNN2UuAuvV140JC","workflowName":"Rapport support OVH / ABJ","executionId":"100","nodeType":"n8n-nodes-base.httpRequest","nodeName":"HTTP closed"}}
{"__type":"$$EventMessageConfirm","confirm":"be71fb04-a645-4aa3-a4e6-723c639ec0e9","ts":"2025-04-21T18:30:18.843+00:00","source":{"id":"0","name":"eventBus"}}
{"__type":"$$EventMessageNode","id":"b56c1cd3-ccec-4dd0-9e9d-6114ef168571","ts":"2025-04-21T18:30:18.844+00:00","eventName":"n8n.node.started","message":"n8n.node.started","payload":{"workflowId":"fHNN2UuAuvV140JC","workflowName":"Rapport support OVH / ABJ","executionId":"100","nodeType":"n8n-nodes-base.merge","nodeName":"Merge4"}}
{"__type":"$$EventMessageConfirm","confirm":"b56c1cd3-ccec-4dd0-9e9d-6114ef168571","ts":"2025-04-21T18:30:18.844+00:00","source":{"id":"0","name":"eventBus"}}
{"__type":"$$EventMessageNode","id":"e48c68ea-f20d-48eb-81ae-dc081b8ed712","ts":"2025-04-21T18:30:18.845+00:00","eventName":"n8n.node.finished","message":"n8n.node.finished","payload":{"workflowId":"fHNN2UuAuvV140JC","workflowName":"Rapport support OVH / ABJ","executionId":"100","nodeType":"n8n-nodes-base.merge","nodeName":"Merge4"}}
{"__type":"$$EventMessageConfirm","confirm":"e48c68ea-f20d-48eb-81ae-dc081b8ed712","ts":"2025-04-21T18:30:18.845+00:00","source":{"id":"0","name":"eventBus"}}
{"__type":"$$EventMessageNode","id":"fb668b35-0617-431b-b17e-128c2475bc6d","ts":"2025-04-21T18:30:18.845+00:00","eventName":"n8n.node.started","message":"n8n.node.started","payload":{"workflowId":"fHNN2UuAuvV140JC","workflowName":"Rapport support OVH / ABJ","executionId":"100","nodeType":"n8n-nodes-base.code","nodeName":"Redmine section"}}
{"__type":"$$EventMessageConfirm","confirm":"fb668b35-0617-431b-b17e-128c2475bc6d","ts":"2025-04-21T18:30:18.845+00:00","source":{"id":"0","name":"eventBus"}}
{"__type":"$$EventMessageNode","id":"23ceac44-92b4-4370-a6f5-8dc1ff6e8632","ts":"2025-04-21T18:30:18.878+00:00","eventName":"n8n.node.finished","message":"n8n.node.finished","payload":{"workflowId":"fHNN2UuAuvV140JC","workflowName":"Rapport support OVH / ABJ","executionId":"100","nodeType":"n8n-nodes-base.code","nodeName":"Redmine section"}}
{"__type":"$$EventMessageConfirm","confirm":"23ceac44-92b4-4370-a6f5-8dc1ff6e8632","ts":"2025-04-21T18:30:18.878+00:00","source":{"id":"0","name":"eventBus"}}
{"__type":"$$EventMessageNode","id":"0cd575eb-240f-4cfb-842b-b521d9362f16","ts":"2025-04-21T18:30:18.878+00:00","eventName":"n8n.node.started","message":"n8n.node.started","payload":{"workflowId":"fHNN2UuAuvV140JC","workflowName":"Rapport support OVH / ABJ","executionId":"100","nodeType":"n8n-nodes-base.ssh","nodeName":"Bacula ABJ"}}
{"__type":"$$EventMessageConfirm","confirm":"0cd575eb-240f-4cfb-842b-b521d9362f16","ts":"2025-04-21T18:30:18.878+00:00","source":{"id":"0","name":"eventBus"}}
{"__type":"$$EventMessageNode","id":"38c022d6-2717-4a9d-be4d-1424490fc263","ts":"2025-04-21T18:30:22.033+00:00","eventName":"n8n.node.finished","message":"n8n.node.finished","payload":{"workflowId":"fHNN2UuAuvV140JC","workflowName":"Rapport support OVH / ABJ","executionId":"100","nodeType":"n8n-nodes-base.ssh","nodeName":"Bacula ABJ"}}
{"__type":"$$EventMessageConfirm","confirm":"38c022d6-2717-4a9d-be4d-1424490fc263","ts":"2025-04-21T18:30:22.033+00:00","source":{"id":"0","name":"eventBus"}}
{"__type":"$$EventMessageNode","id":"5a49e5f2-b2fe-40b6-9a93-a628a504ddd2","ts":"2025-04-21T18:30:22.034+00:00","eventName":"n8n.node.started","message":"n8n.node.started","payload":{"workflowId":"fHNN2UuAuvV140JC","workflowName":"Rapport support OVH / ABJ","executionId":"100","nodeType":"n8n-nodes-base.ssh","nodeName":"Bacula OVH"}}
{"__type":"$$EventMessageConfirm","confirm":"5a49e5f2-b2fe-40b6-9a93-a628a504ddd2","ts":"2025-04-21T18:30:22.034+00:00","source":{"id":"0","name":"eventBus"}}
{"__type":"$$EventMessageNode","id":"1630c877-26bb-4054-8464-8de0f190141b","ts":"2025-04-21T18:30:23.076+00:00","eventName":"n8n.node.finished","message":"n8n.node.finished","payload":{"workflowId":"fHNN2UuAuvV140JC","workflowName":"Rapport support OVH / ABJ","executionId":"100","nodeType":"n8n-nodes-base.ssh","nodeName":"Bacula OVH"}}
{"__type":"$$EventMessageConfirm","confirm":"1630c877-26bb-4054-8464-8de0f190141b","ts":"2025-04-21T18:30:23.076+00:00","source":{"id":"0","name":"eventBus"}}
{"__type":"$$EventMessageNode","id":"40ff0e93-8d31-46de-ac1c-3952a1a23152","ts":"2025-04-21T18:30:23.076+00:00","eventName":"n8n.node.started","message":"n8n.node.started","payload":{"workflowId":"fHNN2UuAuvV140JC","workflowName":"Rapport support OVH / ABJ","executionId":"100","nodeType":"n8n-nodes-base.merge","nodeName":"Merge"}}
{"__type":"$$EventMessageConfirm","confirm":"40ff0e93-8d31-46de-ac1c-3952a1a23152","ts":"2025-04-21T18:30:23.076+00:00","source":{"id":"0","name":"eventBus"}}
{"__type":"$$EventMessageNode","id":"13bffd14-7237-4f06-b2b4-37a490d1043c","ts":"2025-04-21T18:30:23.078+00:00","eventName":"n8n.node.finished","message":"n8n.node.finished","payload":{"workflowId":"fHNN2UuAuvV140JC","workflowName":"Rapport support OVH / ABJ","executionId":"100","nodeType":"n8n-nodes-base.merge","nodeName":"Merge"}}
{"__type":"$$EventMessageConfirm","confirm":"13bffd14-7237-4f06-b2b4-37a490d1043c","ts":"2025-04-21T18:30:23.078+00:00","source":{"id":"0","name":"eventBus"}}
{"__type":"$$EventMessageNode","id":"118b6c1d-82c3-4752-ba08-3d8b14a9552b","ts":"2025-04-21T18:30:23.079+00:00","eventName":"n8n.node.started","message":"n8n.node.started","payload":{"workflowId":"fHNN2UuAuvV140JC","workflowName":"Rapport support OVH / ABJ","executionId":"100","nodeType":"n8n-nodes-base.code","nodeName":"Code"}}
{"__type":"$$EventMessageConfirm","confirm":"118b6c1d-82c3-4752-ba08-3d8b14a9552b","ts":"2025-04-21T18:30:23.079+00:00","source":{"id":"0","name":"eventBus"}}
{"__type":"$$EventMessageNode","id":"82d9d829-0a15-4d30-a9ce-ce6ccb4efb34","ts":"2025-04-21T18:30:23.091+00:00","eventName":"n8n.node.finished","message":"n8n.node.finished","payload":{"workflowId":"fHNN2UuAuvV140JC","workflowName":"Rapport support OVH / ABJ","executionId":"100","nodeType":"n8n-nodes-base.code","nodeName":"Code"}}
{"__type":"$$EventMessageConfirm","confirm":"82d9d829-0a15-4d30-a9ce-ce6ccb4efb34","ts":"2025-04-21T18:30:23.092+00:00","source":{"id":"0","name":"eventBus"}}
{"__type":"$$EventMessageNode","id":"f223d6e6-1c4b-4668-8b9f-f169f61e00ff","ts":"2025-04-21T18:30:23.092+00:00","eventName":"n8n.node.started","message":"n8n.node.started","payload":{"workflowId":"fHNN2UuAuvV140JC","workflowName":"Rapport support OVH / ABJ","executionId":"100","nodeType":"n8n-nodes-base.code","nodeName":"abjFailures"}}
{"__type":"$$EventMessageConfirm","confirm":"f223d6e6-1c4b-4668-8b9f-f169f61e00ff","ts":"2025-04-21T18:30:23.092+00:00","source":{"id":"0","name":"eventBus"}}
{"__type":"$$EventMessageNode","id":"a39e93ca-389e-4d8b-8d90-6436a588bb16","ts":"2025-04-21T18:30:23.113+00:00","eventName":"n8n.node.finished","message":"n8n.node.finished","payload":{"workflowId":"fHNN2UuAuvV140JC","workflowName":"Rapport support OVH / ABJ","executionId":"100","nodeType":"n8n-nodes-base.code","nodeName":"abjFailures"}}
{"__type":"$$EventMessageConfirm","confirm":"a39e93ca-389e-4d8b-8d90-6436a588bb16","ts":"2025-04-21T18:30:23.114+00:00","source":{"id":"0","name":"eventBus"}}
{"__type":"$$EventMessageNode","id":"3206d9dc-8246-4f65-b31b-8bb298af335b","ts":"2025-04-21T18:30:23.114+00:00","eventName":"n8n.node.started","message":"n8n.node.started","payload":{"workflowId":"fHNN2UuAuvV140JC","workflowName":"Rapport support OVH / ABJ","executionId":"100","nodeType":"n8n-nodes-base.code","nodeName":"ovhFailures"}}
{"__type":"$$EventMessageConfirm","confirm":"3206d9dc-8246-4f65-b31b-8bb298af335b","ts":"2025-04-21T18:30:23.114+00:00","source":{"id":"0","name":"eventBus"}}
{"__type":"$$EventMessageNode","id":"f892a288-0d2d-427e-be7e-d84a42a2e9d5","ts":"2025-04-21T18:30:23.133+00:00","eventName":"n8n.node.finished","message":"n8n.node.finished","payload":{"workflowId":"fHNN2UuAuvV140JC","workflowName":"Rapport support OVH / ABJ","executionId":"100","nodeType":"n8n-nodes-base.code","nodeName":"ovhFailures"}}
{"__type":"$$EventMessageConfirm","confirm":"f892a288-0d2d-427e-be7e-d84a42a2e9d5","ts":"2025-04-21T18:30:23.133+00:00","source":{"id":"0","name":"eventBus"}}
{"__type":"$$EventMessageNode","id":"ec696f96-ce05-4d8c-852e-b3bf4e343b3e","ts":"2025-04-21T18:30:23.133+00:00","eventName":"n8n.node.started","message":"n8n.node.started","payload":{"workflowId":"fHNN2UuAuvV140JC","workflowName":"Rapport support OVH / ABJ","executionId":"100","nodeType":"n8n-nodes-base.merge","nodeName":"Merge5"}}
{"__type":"$$EventMessageConfirm","confirm":"ec696f96-ce05-4d8c-852e-b3bf4e343b3e","ts":"2025-04-21T18:30:23.133+00:00","source":{"id":"0","name":"eventBus"}}
{"__type":"$$EventMessageNode","id":"5fd838bb-699d-4445-a263-21672cb0c876","ts":"2025-04-21T18:30:23.135+00:00","eventName":"n8n.node.finished","message":"n8n.node.finished","payload":{"workflowId":"fHNN2UuAuvV140JC","workflowName":"Rapport support OVH / ABJ","executionId":"100","nodeType":"n8n-nodes-base.merge","nodeName":"Merge5"}}
{"__type":"$$EventMessageConfirm","confirm":"5fd838bb-699d-4445-a263-21672cb0c876","ts":"2025-04-21T18:30:23.135+00:00","source":{"id":"0","name":"eventBus"}}
{"__type":"$$EventMessageNode","id":"9f5b33d8-893f-4c6e-8052-f4715f8c86f2","ts":"2025-04-21T18:30:23.136+00:00","eventName":"n8n.node.started","message":"n8n.node.started","payload":{"workflowId":"fHNN2UuAuvV140JC","workflowName":"Rapport support OVH / ABJ","executionId":"100","nodeType":"n8n-nodes-base.code","nodeName":"Bacula section"}}
{"__type":"$$EventMessageConfirm","confirm":"9f5b33d8-893f-4c6e-8052-f4715f8c86f2","ts":"2025-04-21T18:30:23.136+00:00","source":{"id":"0","name":"eventBus"}}
{"__type":"$$EventMessageNode","id":"d842472d-7f3b-484f-b5a9-cd51b0a6dc9e","ts":"2025-04-21T18:30:23.143+00:00","eventName":"n8n.node.finished","message":"n8n.node.finished","payload":{"workflowId":"fHNN2UuAuvV140JC","workflowName":"Rapport support OVH / ABJ","executionId":"100","nodeType":"n8n-nodes-base.code","nodeName":"Bacula section"}}
{"__type":"$$EventMessageConfirm","confirm":"d842472d-7f3b-484f-b5a9-cd51b0a6dc9e","ts":"2025-04-21T18:30:23.143+00:00","source":{"id":"0","name":"eventBus"}}
{"__type":"$$EventMessageNode","id":"6e050785-8c74-4016-a163-2377b72f3b6e","ts":"2025-04-21T18:30:23.143+00:00","eventName":"n8n.node.started","message":"n8n.node.started","payload":{"workflowId":"fHNN2UuAuvV140JC","workflowName":"Rapport support OVH / ABJ","executionId":"100","nodeType":"n8n-nodes-base.httpRequest","nodeName":"HTTP Request"}}
{"__type":"$$EventMessageConfirm","confirm":"6e050785-8c74-4016-a163-2377b72f3b6e","ts":"2025-04-21T18:30:23.143+00:00","source":{"id":"0","name":"eventBus"}}
{"__type":"$$EventMessageNode","id":"a6a7b1bc-43ad-46f0-a871-c571d535fe83","ts":"2025-04-21T18:30:23.444+00:00","eventName":"n8n.node.finished","message":"n8n.node.finished","payload":{"workflowId":"fHNN2UuAuvV140JC","workflowName":"Rapport support OVH / ABJ","executionId":"100","nodeType":"n8n-nodes-base.httpRequest","nodeName":"HTTP Request"}}
{"__type":"$$EventMessageConfirm","confirm":"a6a7b1bc-43ad-46f0-a871-c571d535fe83","ts":"2025-04-21T18:30:23.444+00:00","source":{"id":"0","name":"eventBus"}}
{"__type":"$$EventMessageNode","id":"ff3851e0-b372-4598-aac6-b9c7b47d1ad9","ts":"2025-04-21T18:30:23.445+00:00","eventName":"n8n.node.started","message":"n8n.node.started","payload":{"workflowId":"fHNN2UuAuvV140JC","workflowName":"Rapport support OVH / ABJ","executionId":"100","nodeType":"n8n-nodes-base.code","nodeName":"Section rundeck"}}
{"__type":"$$EventMessageConfirm","confirm":"ff3851e0-b372-4598-aac6-b9c7b47d1ad9","ts":"2025-04-21T18:30:23.445+00:00","source":{"id":"0","name":"eventBus"}}
{"__type":"$$EventMessageNode","id":"075640a5-7746-41d5-b79f-757f23cb8621","ts":"2025-04-21T18:30:23.455+00:00","eventName":"n8n.node.finished","message":"n8n.node.finished","payload":{"workflowId":"fHNN2UuAuvV140JC","workflowName":"Rapport support OVH / ABJ","executionId":"100","nodeType":"n8n-nodes-base.code","nodeName":"Section rundeck"}}
{"__type":"$$EventMessageConfirm","confirm":"075640a5-7746-41d5-b79f-757f23cb8621","ts":"2025-04-21T18:30:23.455+00:00","source":{"id":"0","name":"eventBus"}}
{"__type":"$$EventMessageNode","id":"eff6dc57-eec0-4fce-824a-ca4b3be30d90","ts":"2025-04-21T18:30:23.456+00:00","eventName":"n8n.node.started","message":"n8n.node.started","payload":{"workflowId":"fHNN2UuAuvV140JC","workflowName":"Rapport support OVH / ABJ","executionId":"100","nodeType":"n8n-nodes-base.merge","nodeName":"Merge3"}}
{"__type":"$$EventMessageConfirm","confirm":"eff6dc57-eec0-4fce-824a-ca4b3be30d90","ts":"2025-04-21T18:30:23.456+00:00","source":{"id":"0","name":"eventBus"}}
{"__type":"$$EventMessageNode","id":"bea5e18d-7c69-4e18-9026-eaaa23627068","ts":"2025-04-21T18:30:23.457+00:00","eventName":"n8n.node.finished","message":"n8n.node.finished","payload":{"workflowId":"fHNN2UuAuvV140JC","workflowName":"Rapport support OVH / ABJ","executionId":"100","nodeType":"n8n-nodes-base.merge","nodeName":"Merge3"}}
{"__type":"$$EventMessageConfirm","confirm":"bea5e18d-7c69-4e18-9026-eaaa23627068","ts":"2025-04-21T18:30:23.457+00:00","source":{"id":"0","name":"eventBus"}}
{"__type":"$$EventMessageNode","id":"fbb2412c-5866-42a2-84e6-821dd4e3117b","ts":"2025-04-21T18:30:23.458+00:00","eventName":"n8n.node.started","message":"n8n.node.started","payload":{"workflowId":"fHNN2UuAuvV140JC","workflowName":"Rapport support OVH / ABJ","executionId":"100","nodeType":"n8n-nodes-base.code","nodeName":"Make HTML Mail"}}
{"__type":"$$EventMessageConfirm","confirm":"fbb2412c-5866-42a2-84e6-821dd4e3117b","ts":"2025-04-21T18:30:23.458+00:00","source":{"id":"0","name":"eventBus"}}
{"__type":"$$EventMessageNode","id":"82b10c37-1a98-4840-9854-376a49ea670c","ts":"2025-04-21T18:30:23.469+00:00","eventName":"n8n.node.finished","message":"n8n.node.finished","payload":{"workflowId":"fHNN2UuAuvV140JC","workflowName":"Rapport support OVH / ABJ","executionId":"100","nodeType":"n8n-nodes-base.code","nodeName":"Make HTML Mail"}}
{"__type":"$$EventMessageConfirm","confirm":"82b10c37-1a98-4840-9854-376a49ea670c","ts":"2025-04-21T18:30:23.469+00:00","source":{"id":"0","name":"eventBus"}}
{"__type":"$$EventMessageNode","id":"5c4e665c-709c-485e-ae36-c16570071309","ts":"2025-04-21T18:30:23.469+00:00","eventName":"n8n.node.started","message":"n8n.node.started","payload":{"workflowId":"fHNN2UuAuvV140JC","workflowName":"Rapport support OVH / ABJ","executionId":"100","nodeType":"n8n-nodes-base.emailSend","nodeName":"Send Email"}}
{"__type":"$$EventMessageConfirm","confirm":"5c4e665c-709c-485e-ae36-c16570071309","ts":"2025-04-21T18:30:23.469+00:00","source":{"id":"0","name":"eventBus"}}
{"__type":"$$EventMessageNode","id":"f3ccce2e-67f1-48f2-9b4a-f427ac212dd8","ts":"2025-04-21T18:30:30.244+00:00","eventName":"n8n.node.finished","message":"n8n.node.finished","payload":{"workflowId":"fHNN2UuAuvV140JC","workflowName":"Rapport support OVH / ABJ","executionId":"100","nodeType":"n8n-nodes-base.emailSend","nodeName":"Send Email"}}
{"__type":"$$EventMessageConfirm","confirm":"f3ccce2e-67f1-48f2-9b4a-f427ac212dd8","ts":"2025-04-21T18:30:30.244+00:00","source":{"id":"0","name":"eventBus"}}
{"__type":"$$EventMessageWorkflow","id":"8be7058e-19a1-418c-9765-2f1e7716b2e9","ts":"2025-04-21T18:30:30.245+00:00","eventName":"n8n.workflow.success","message":"n8n.workflow.success","payload":{"executionId":"100","success":true,"isManual":false,"workflowId":"fHNN2UuAuvV140JC","workflowName":"Rapport support OVH / ABJ"}}
{"__type":"$$EventMessageConfirm","confirm":"8be7058e-19a1-418c-9765-2f1e7716b2e9","ts":"2025-04-21T18:30:30.246+00:00","source":{"id":"0","name":"eventBus"}}
